[2024-08-05 15:02:50]=>(INFO) UserService start...[2024-08-05 18:14:06]=>(INFO) UserService start...
[2024-08-05 18:14:06]=>(ERROR) zookeeper_init error
[2024-08-05 18:16:26]=>(INFO) UserService start...
[2024-08-05 18:16:26]=>(ERROR) zookeeper_init error
[2024-08-05 18:20:48]=>(INFO) UserService start...
[2024-08-05 18:20:48]=>(ERROR) zookeeper_init error
[2024-08-05 18:22:34]=>(INFO) UserService start...
[2024-08-05 18:22:34]=>(INFO) zookeeper connected
[2024-08-05 18:22:34]=>(INFO) zookeeper start success
[2024-08-05 18:22:34]=>(INFO) zoo_create success
[2024-08-05 18:22:34]=>(ERROR) zoo_create error
[2024-08-05 18:24:38]=>(INFO) UserService start...
[2024-08-05 18:24:38]=>(INFO) zookeeper connected
[2024-08-05 18:24:38]=>(INFO) zookeeper start success
[2024-08-05 18:24:38]=>(INFO) zoo_create success
[2024-08-05 18:24:38]=>(ERROR) zoo_create error:no children for ephemerals
[2024-08-05 18:26:09]=>(INFO) UserService start...
[2024-08-05 18:26:09]=>(INFO) zookeeper connected
[2024-08-05 18:26:09]=>(INFO) zookeeper start success
[2024-08-05 18:26:09]=>(INFO) zoo_create success
[2024-08-05 18:26:09]=>(ERROR) zoo_create error:/UserServiceRpc/login, no children for ephemerals
[2024-08-05 18:31:00]=>(INFO) UserService start...
[2024-08-05 18:31:00]=>(INFO) zookeeper connected
[2024-08-05 18:31:00]=>(INFO) zookeeper start success
[2024-08-05 18:31:00]=>(INFO) create node success
[2024-08-05 18:31:00]=>(ERROR) zoo_create error:/UserServiceRpc/login, no children for ephemerals
[2024-08-05 18:35:59]=>(INFO) UserService start...
[2024-08-05 18:35:59]=>(INFO) zookeeper connected
[2024-08-05 18:35:59]=>(INFO) zookeeper start success
[2024-08-05 18:37:28]=>(INFO) UserService start...
[2024-08-05 18:37:28]=>(INFO) zookeeper connected
[2024-08-05 18:37:28]=>(INFO) zookeeper start success
[2024-08-05 18:37:28]=>(INFO) create node success
[2024-08-05 18:37:28]=>(INFO) create node success
[2024-08-05 18:38:06]=>(INFO) zookeeper connected
[2024-08-05 18:38:06]=>(INFO) zookeeper start success
[2024-08-05 18:38:06]=>(INFO) send response success!
[2024-08-05 18:38:06]=>(INFO) client disconnected!
